<?xml version="1.0" encoding="UTF-8"?>
<!-- Generated by org.testng.reporters.JUnitReportReporter -->
<testsuite skipped="0" hostname="mohammads-MBP.home" name="com.crm.qa.testcases.ContatspageTest" tests="3" failures="0" timestamp="2020-04-17T22:39:09 EDT" time="19.407" errors="0">
  <testcase name="verifyContactsPageLabel" time="6.500" classname="com.crm.qa.testcases.ContatspageTest"/>
  <system-out/>
  <testcase name="selectContactsTest" time="6.454" classname="com.crm.qa.testcases.ContatspageTest"/>
  <system-out/>
  <testcase name="selectMultipleContactsTest" time="6.453" classname="com.crm.qa.testcases.ContatspageTest"/>
  <system-out/>
</testsuite> <!-- com.crm.qa.testcases.ContatspageTest -->
