<?xml version="1.0" encoding="UTF-8"?>
<!-- Generated by org.testng.reporters.JUnitReportReporter -->
<testsuite skipped="0" hostname="mohammads-MBP.home" name="com.crm.qa.testcases.ContactspageTest" tests="3" failures="0" timestamp="2020-04-22T03:17:18 EDT" time="34.147" errors="0">
  <testcase name="validateCreateNewcontact" time="9.618" classname="com.crm.qa.testcases.ContactspageTest"/>
  <system-out/>
  <testcase name="validateCreateNewcontact" time="14.708" classname="com.crm.qa.testcases.ContactspageTest"/>
  <system-out/>
  <testcase name="validateCreateNewcontact" time="9.821" classname="com.crm.qa.testcases.ContactspageTest"/>
  <system-out/>
</testsuite> <!-- com.crm.qa.testcases.ContactspageTest -->
