<?xml version="1.0" encoding="UTF-8"?>
<!-- Generated by org.testng.reporters.JUnitReportReporter -->
<testsuite skipped="0" hostname="mohammads-MBP.home" name="com.crm.qa.testcases.loginPageTest" tests="3" failures="0" timestamp="2020-04-22T00:42:19 EDT" time="16.835" errors="0">
  <testcase name="loginPageTitletest" time="4.388" classname="com.crm.qa.testcases.loginPageTest"/>
  <system-out/>
  <testcase name="crmLogoimageTest" time="3.967" classname="com.crm.qa.testcases.loginPageTest"/>
  <system-out/>
  <testcase name="loginTest" time="8.480" classname="com.crm.qa.testcases.loginPageTest"/>
  <system-out/>
</testsuite> <!-- com.crm.qa.testcases.loginPageTest -->
